#
# A fatal error has been detected by the Java Runtime Environment:
#
#  Internal Error (javaClasses.cpp:127), pid=9000, tid=5408
#  fatal error: Invalid layout of preloaded class
#
# JRE version:  (8.0_40-b25) (build )
# Java VM: Java HotSpot(TM) 64-Bit Server VM (25.40-b25 mixed mode windows-amd64 compressed oops)
# Failed to write core dump. Minidumps are not enabled by default on client versions of Windows
#
# If you would like to submit a bug report, please visit:
#   http://bugreport.java.com/bugreport/crash.jsp
#

---------------  T H R E A D  ---------------

Current thread (0x0000000001fae800):  JavaThread "Unknown thread" [_thread_in_vm, id=5408, stack(0x00000000027f0000,0x00000000028f0000)]

Stack: [0x00000000027f0000,0x00000000028f0000]
Native frames: (J=compiled Java code, j=interpreted, Vv=VM code, C=native code)
V  [jvm.dll+0x32b47a]
V  [jvm.dll+0x2797f3]
V  [jvm.dll+0x27a489]
V  [jvm.dll+0x271726]
V  [jvm.dll+0x67fd3]
V  [jvm.dll+0x680c3]
V  [jvm.dll+0x7d63a]
V  [jvm.dll+0x7d9a6]
V  [jvm.dll+0xf2077]
V  [jvm.dll+0xf2406]
V  [jvm.dll+0x20f107]
V  [jvm.dll+0x240d9a]
V  [jvm.dll+0x15b941]
C  [javaw.exe+0x217e]
C  [javaw.exe+0xcd17]
C  [javaw.exe+0xcdab]
C  [kernel32.dll+0x159cd]
C  [ntdll.dll+0x2b891]


---------------  P R O C E S S  ---------------

Java Threads: ( => current thread )

Other Threads:

=>0x0000000001fae800 (exited) JavaThread "Unknown thread" [_thread_in_vm, id=5408, stack(0x00000000027f0000,0x00000000028f0000)]

VM state:not at safepoint (not fully initialized)

VM Mutex/Monitor currently owned by a thread: None

GC Heap History (0 events):
No events

Deoptimization events (0 events):
No events

Internal exceptions (0 events):
No events

Events (10 events):
Event: 0.063 loading class java/lang/CharSequence done
Event: 0.064 loading class java/lang/String done
Event: 0.064 loading class java/lang/Class
Event: 0.064 loading class java/lang/reflect/AnnotatedElement
Event: 0.064 loading class java/lang/reflect/AnnotatedElement done
Event: 0.064 loading class java/lang/reflect/GenericDeclaration
Event: 0.064 loading class java/lang/reflect/GenericDeclaration done
Event: 0.064 loading class java/lang/reflect/Type
Event: 0.064 loading class java/lang/reflect/Type done
Event: 0.064 loading class java/lang/Class done


Dynamic libraries:
0x000000013fd70000 - 0x000000013fda7000 	C:\Program Files\Java\jre1.8.0_40\bin\javaw.exe
0x0000000076e20000 - 0x0000000076fc8000 	C:\Windows\SYSTEM32\ntdll.dll
0x0000000076d00000 - 0x0000000076e1f000 	C:\Windows\system32\kernel32.dll
0x000007fefcc90000 - 0x000007fefccfc000 	C:\Windows\system32\KERNELBASE.dll
0x000007fefd370000 - 0x000007fefd44b000 	C:\Windows\system32\ADVAPI32.dll
0x000007fefd6b0000 - 0x000007fefd74f000 	C:\Windows\system32\msvcrt.dll
0x000007fefdaf0000 - 0x000007fefdb0f000 	C:\Windows\SYSTEM32\sechost.dll
0x000007fefef80000 - 0x000007feff0ad000 	C:\Windows\system32\RPCRT4.dll
0x0000000076c00000 - 0x0000000076cfa000 	C:\Windows\system32\USER32.dll
0x000007fefd9b0000 - 0x000007fefda17000 	C:\Windows\system32\GDI32.dll
0x000007feff120000 - 0x000007feff12e000 	C:\Windows\system32\LPK.dll
0x000007fefda20000 - 0x000007fefdae9000 	C:\Windows\system32\USP10.dll
0x000007fefb5d0000 - 0x000007fefb7c4000 	C:\Windows\WinSxS\amd64_microsoft.windows.common-controls_6595b64144ccf1df_6.0.7601.18837_none_fa3b1e3d17594757\COMCTL32.dll
0x000007fefd930000 - 0x000007fefd9a1000 	C:\Windows\system32\SHLWAPI.dll
0x000007fefdc30000 - 0x000007fefdc5e000 	C:\Windows\system32\IMM32.DLL
0x000007fefeb80000 - 0x000007fefec89000 	C:\Windows\system32\MSCTF.dll
0x000007fefcb00000 - 0x000007fefcb31000 	C:\Windows\system32\nvinitx.dll
0x000007fefcaf0000 - 0x000007fefcafc000 	C:\Windows\system32\VERSION.dll
0x000000000f000000 - 0x000000000f006000 	C:\Program Files\NVIDIA Corporation\CoProcManager\detoured.dll
0x000007fef9940000 - 0x000007fef9971000 	C:\Program Files\NVIDIA Corporation\CoProcManager\nvd3d9wrapx.dll
0x000007fefd750000 - 0x000007fefd927000 	C:\Windows\system32\SETUPAPI.dll
0x000007fefcf50000 - 0x000007fefcf86000 	C:\Windows\system32\CFGMGR32.dll
0x000007fefd290000 - 0x000007fefd367000 	C:\Windows\system32\OLEAUT32.dll
0x000007fefd4a0000 - 0x000007fefd6a3000 	C:\Windows\system32\ole32.dll
0x000007fefcc20000 - 0x000007fefcc3a000 	C:\Windows\system32\DEVOBJ.dll
0x000007fef97e0000 - 0x000007fef9802000 	C:\Program Files\NVIDIA Corporation\CoProcManager\nvdxgiwrapx.dll
0x000007feefa30000 - 0x000007feefa53000 	C:\Windows\system32\f_im.dll
0x0000000180000000 - 0x0000000180028000 	C:\Program Files\Fasoo DRM\f_nxa.dll
0x0000000061000000 - 0x00000000610aa000 	C:\Program Files\Fasoo DRM\f_sps.dll
0x000007fefddf0000 - 0x000007fefeb79000 	C:\Windows\system32\SHELL32.dll
0x0000000070db0000 - 0x0000000070ddf000 	C:\Windows\WinSxS\amd64_microsoft.vc90.atl_1fc8b3b9a1e18e3b_9.0.30729.6161_none_0a1fd3a3a768b895\ATL90.DLL
0x0000000076ff0000 - 0x0000000076ff7000 	C:\Windows\system32\PSAPI.DLL
0x000007fef91a0000 - 0x000007fef9211000 	C:\Windows\system32\winspool.drv
0x0000000010000000 - 0x0000000010033000 	C:\Windows\system32\f_pbrc12.dll
0x000007fefafc0000 - 0x000007fefafd8000 	C:\Windows\system32\dwmapi.dll
0x000000005b5f0000 - 0x000000005b6c2000 	C:\Program Files\Java\jre1.8.0_40\bin\msvcr100.dll
0x000000006f600000 - 0x000000006fe83000 	C:\Program Files\Java\jre1.8.0_40\bin\server\jvm.dll
0x000007fef9d20000 - 0x000007fef9d29000 	C:\Windows\system32\WSOCK32.dll
0x0000000002260000 - 0x00000000022ad000 	C:\Windows\system32\WS2_32.dll
0x000007feff0b0000 - 0x000007feff0b8000 	C:\Windows\system32\NSI.dll
0x000007fefa430000 - 0x000007fefa46b000 	C:\Windows\system32\WINMM.dll
0x00000000682e0000 - 0x00000000682ef000 	C:\Program Files\Java\jre1.8.0_40\bin\verify.dll
0x0000000066ca0000 - 0x0000000066cc9000 	C:\Program Files\Java\jre1.8.0_40\bin\java.dll
0x00000000672d0000 - 0x00000000672e6000 	C:\Program Files\Java\jre1.8.0_40\bin\zip.dll
0x000007fefa640000 - 0x000007fefa765000 	C:\Windows\system32\dbghelp.dll

VM Arguments:
jvm_args: -Dfile.encoding=MS949 -Xbootclasspath:C:\Users\kjm\AppData\Local\Android\sdk\platforms\android-21\android.jar 
java_command: com.mygdx.game.desktop.DesktopLauncher
java_class_path (initial): E:\libGDX_javaGameMaker\android\bin\classes;C:\Users\kjm\.gradle\caches\modules-2\files-2.1\com.badlogicgames.gdx\gdx-box2d\1.6.2\b4406b97b35d7caf7111400ceebc8b92c8998168\gdx-box2d-1.6.2.jar;C:\Users\kjm\.gradle\caches\modules-2\files-2.1\com.badlogicgames.gdx\gdx-bullet\1.6.2\2862bce6275d098ca89eda45ab8a45133e860a88\gdx-bullet-1.6.2.jar;C:\Users\kjm\.gradle\caches\modules-2\files-2.1\com.badlogicgames.gdx\gdx\1.6.2\b70b1eb9da71076aa47ac8932b42358b00db84a0\gdx-1.6.2.jar;C:\Users\kjm\.gradle\caches\modules-2\files-2.1\com.badlogicgames.gdx\gdx-ai\1.5.0\5f694a1d54a6e15884ac50b83b7927df771d69b0\gdx-ai-1.5.0.jar;C:\Users\kjm\.gradle\caches\modules-2\files-2.1\com.badlogicgames.gdx\gdx-freetype\1.6.2\62705f896186f9294e37daa0ade876e8692310cf\gdx-freetype-1.6.2.jar;C:\Users\kjm\.gradle\caches\modules-2\files-2.1\com.badlogicgames.gdx\gdx-controllers\1.6.2\6f0669f9a6dad9211a797c06d89e305036c1df45\gdx-controllers-1.6.2.jar;E:\libGDX_javaGameMaker\core\bin;C:\Users\kjm\.gradle\caches\modules-2\files-2.1\com.badlogicgames.gdx\gdx-backend-android\1.6.2\14e97f2799e74334d15c59ae90c6247f36b90429\gdx-backend-android-1.6.2.jar;C:\Users\kjm\.gradle\caches\modules-2\files-2.1\com.badlogicgames.gdx\gdx-controllers-android\1.6.2\24b3a8b4ec3ee720ced93d1538fd4c1c50a505bd\gdx-controllers-android-1.6.2.jar
Launcher Type: SUN_STANDARD

Environment Variables:
PATH=C:/Program Files/Java/jre1.8.0_40/bin/server;C:/Program Files/Java/jre1.8.0_40/bin;C:/Program Files/Java/jre1.8.0_40/lib/amd64;C:\ProgramData\Oracle\Java\javapath;C:\Windows\system32;C:\Windows;C:\Windows\System32\Wbem;C:\Windows\System32\WindowsPowerShell\v1.0\;C:\Program Files\Microsoft SQL Server\110\Tools\Binn\;C:\Program Files\Java\jdk1.8.0_40\bin;C:\Program Files (x86)\Windows Kits\8.1\Windows Performance Toolkit\;C:\Program Files (x86)\Microsoft SDKs\TypeScript\1.0\;C:\Program Files\Microsoft SQL Server\120\Tools\Binn\;C:\Program Files (x86)\NVIDIA Corporation\PhysX\Common;C:\Program Files\nodejs\;C:\Program Files (x86)\Git\bin\;C:\Python27;C:\Program Files\Bandizip\7z;C:\Users\kjm\AppData\Roaming\npm;C:\Python27;C:\Go\bin;;C:\eclipse-java-luna-SR2-win32-x86_64\eclipse;
USERNAME=kjm
OS=Windows_NT
PROCESSOR_IDENTIFIER=Intel64 Family 6 Model 61 Stepping 4, GenuineIntel



---------------  S Y S T E M  ---------------

OS: Windows 7 , 64 bit Build 7601 (6.1.7601.18847)

CPU:total 4 (2 cores per cpu, 2 threads per core) family 6 model 61 stepping 4, cmov, cx8, fxsr, mmx, sse, sse2, sse3, ssse3, sse4.1, sse4.2, popcnt, avx, avx2, aes, clmul, erms, 3dnowpref, lzcnt, ht, tsc, tscinvbit, bmi1, bmi2, adx

Memory: 4k page, physical 8315252k(3444364k free), swap 16628652k(10334340k free)

vm_info: Java HotSpot(TM) 64-Bit Server VM (25.40-b25) for windows-amd64 JRE (1.8.0_40-b25), built on Feb 10 2015 21:53:57 by "java_re" with MS VC++ 10.0 (VS2010)

time: Mon Jul 20 05:44:43 2015
elapsed time: 0 seconds (0d 0h 0m 0s)

